\BOOKMARK [1][-]{section.1}{Introduction}{}% 1
\BOOKMARK [2][-]{subsection.1.1}{Motivation}{section.1}% 2
\BOOKMARK [2][-]{subsection.1.2}{Challenges}{section.1}% 3
\BOOKMARK [2][-]{subsection.1.3}{Convolutional Neural Network}{section.1}% 4
\BOOKMARK [1][-]{section.2}{Description of methods}{}% 5
\BOOKMARK [2][-]{subsection.2.1}{VGG19}{section.2}% 6
\BOOKMARK [2][-]{subsection.2.2}{DenseNet}{section.2}% 7
\BOOKMARK [2][-]{subsection.2.3}{InceptionV3}{section.2}% 8
\BOOKMARK [2][-]{subsection.2.4}{Transfer learning}{section.2}% 9
\BOOKMARK [1][-]{section.3}{Implementation Details}{}% 10
\BOOKMARK [2][-]{subsection.3.1}{Models}{section.3}% 11
\BOOKMARK [2][-]{subsection.3.2}{Dataset}{section.3}% 12
\BOOKMARK [2][-]{subsection.3.3}{Losses}{section.3}% 13
\BOOKMARK [1][-]{section.4}{Experimental Settings}{}% 14
\BOOKMARK [2][-]{subsection.4.1}{Datasets}{section.4}% 15
\BOOKMARK [2][-]{subsection.4.2}{Training Parameters}{section.4}% 16
\BOOKMARK [2][-]{subsection.4.3}{Hardware \046 Framework}{section.4}% 17
\BOOKMARK [1][-]{section.5}{Results}{}% 18
\BOOKMARK [2][-]{subsection.5.1}{InceptionV3}{section.5}% 19
\BOOKMARK [2][-]{subsection.5.2}{DenseNet121}{section.5}% 20
\BOOKMARK [2][-]{subsection.5.3}{VGG19}{section.5}% 21
\BOOKMARK [2][-]{subsection.5.4}{Comparision}{section.5}% 22
\BOOKMARK [1][-]{section.6}{Discussion}{}% 23
\BOOKMARK [1][-]{section.7}{Appendix}{}% 24
